commit 4ed053a0562e6813f3b82dc1d16ebc4b03ac83a5
Author: Aditi Mohanty <aditi.anomita@gmail.com>
Date:   Mon Jun 13 07:57:48 2016 +0530

    updating mac

commit 7a61e024830af37eec959018d1edba8981946d69
Author: Aditi Mohanty <aditi.anomita@gmail.com>
Date:   Wed Jun 8 23:00:16 2016 +0530

    test 2

commit 1b76855f307fb6078ff196f0d48ccec22a9b690b
Merge: 40dc5c2 df94c2d
Author: Aditi Mohanty <aditi.anomita@gmail.com>
Date:   Wed Jun 8 22:28:04 2016 +0530

    merge

commit df94c2d73844db3608003b1bf5c65f4e7bdc2b58
Author: Aditi Mohanty <aditi.anomita@gmail.com>
Date:   Wed Jun 8 22:24:02 2016 +0530

    master empty

commit 40dc5c27f330e33a24c2ab47c82c7d8c6b6835b4
Author: Aditi Mohanty <aditi.anomita@gmail.com>
Date:   Wed Jun 8 22:21:20 2016 +0530

    jekyll branch commit

commit a15f302c4a9ef7c2958acdac5809cb06fe99b5e7
Author: Aditi Mohanty <aditi.anomita@gmail.com>
Date:   Wed Jun 8 21:35:32 2016 +0530

    step 2 jekyll

commit 40540643a62ca7a39df9a0518b6fd6209bd5588c
Author: Aditi Mohanty <aditi.anomita@gmail.com>
Date:   Wed Jun 8 21:04:50 2016 +0530

    fresh start

commit 6fccfa040815b888eb85586ea8b6832c0fe23a1b
Author: Aditi <rheaditi@users.noreply.github.com>
Date:   Tue May 17 21:56:17 2016 +0530

    Delete CNAME

commit ed5c45862670f28cb687490dd8489c6b03da64b3
Author: Aditi Anomita Mohanty <aditi.anomita@gmail.com>
Date:   Sun Apr 12 21:30:23 2015 +0530

    pic for mail

commit ae0487a620b78bf542603e8e7b38b68ea17f762f
Author: Aditi Anomita Mohanty <aditi.anomita@gmail.com>
Date:   Tue Apr 7 21:46:50 2015 +0530

    viewport

commit e72c9b32f9205e985aefe567719f2e8837c54974
Author: Aditi Anomita Mohanty <aditi.anomita@gmail.com>
Date:   Tue Apr 7 21:36:08 2015 +0530

    preloader added!

commit a098d588bb64b1cf4b085a9666d2867c7a3e1dbf
Author: Aditi Anomita Mohanty <aditi.anomita@gmail.com>
Date:   Thu Apr 2 21:36:06 2015 +0530

    v1.0

commit eb8d856be24251678cd15bb291d09a532b5406f1
Author: Aditi Anomita Mohanty <aditi.anomita@gmail.com>
Date:   Thu Apr 2 15:04:33 2015 +0530

    cname

commit 728f7d18fbdae998053310ff74cababf509f562b
Author: Aditi Anomita Mohanty <aditi.anomita@gmail.com>
Date:   Wed Apr 1 22:36:09 2015 +0530

    pushing it to our site

commit 62f80642f38bb9d21b42598a466b76c6e45438a6
Author: Aditi <rheaditi@users.noreply.github.com>
Date:   Wed Apr 1 22:33:33 2015 +0530

    Replace master branch with page content via GitHub

commit 503bc952929a3da762bb063cb06832aa82052ec9
Author: Aditi Anomita Mohanty <aditi.anomita@gmail.com>
Date:   Wed Apr 1 22:25:52 2015 +0530

    test
